"../../../../../Projects/ProjetT4/Content/Assets/Materials/MatCorbeille.uasset" 0
"../../../Engine/Content/Functions/Engine_MaterialFunctions01/Opacity/CameraDepthFade.uasset" 1
"../../../Engine/Content/EngineMaterials/T_Default_Material_Grid_M.uasset" 2
"../../../Engine/Content/EngineMaterials/T_Default_Material_Grid_N.uasset" 3
"../../../Engine/Content/EngineMaterials/WorldGridMaterial.uasset" 4
"../../../../../Projects/ProjetT4/Content/Assets/Mesh/Moustache1_Circle.uasset" 5
"../../../../../Projects/ProjetT4/Content/Assets/Sounds/dialog_2s.uasset" 6
"../../../../../Projects/ProjetT4/Content/Assets/Sounds/dialog_3s.uasset" 7
"../../../../../Projects/ProjetT4/Content/Assets/Sounds/dialog_4s.uasset" 8
"../../../../../Projects/ProjetT4/Content/StarterContent/Materials/M_Basic_Wall.uasset" 9
"../../../../../Projects/ProjetT4/Content/StarterContent/Architecture/Pillar_50x500.uasset" 10
"../../../../../Projects/ProjetT4/Content/StarterContent/Architecture/Wall_400x300.uasset" 11
"../../../../../Projects/ProjetT4/Content/StarterContent/Architecture/Wall_400x400.uasset" 12
"../../../../../Projects/ProjetT4/Content/StarterContent/Architecture/Wall_500x500.uasset" 13
"../../../../../Projects/ProjetT4/Content/StarterContent/Architecture/Wall_Door_400x400.uasset" 14
"../../../../../Projects/ProjetT4/Content/StarterContent/Architecture/Wall_Window_400x400.uasset" 15
"../../../../../Projects/ProjetT4/Content/StarterContent/Audio/Collapse01.uasset" 16
"../../../../../Projects/ProjetT4/Content/StarterContent/Audio/Collapse02.uasset" 17
"../../../../../Projects/ProjetT4/Content/StarterContent/Audio/Explosion01.uasset" 18
"../../../../../Projects/ProjetT4/Content/StarterContent/Audio/Explosion02.uasset" 19
"../../../../../Projects/ProjetT4/Content/StarterContent/Audio/Fire01.uasset" 20
"../../../../../Projects/ProjetT4/Content/StarterContent/Audio/Fire_Sparks01.uasset" 21
"../../../../../Projects/ProjetT4/Content/StarterContent/Audio/Light01.uasset" 22
"../../../../../Projects/ProjetT4/Content/StarterContent/Audio/Light01_Cue.uasset" 23
"../../../../../Projects/ProjetT4/Content/StarterContent/Audio/Light02.uasset" 24
"../../../../../Projects/ProjetT4/Content/StarterContent/Audio/Light02_Cue.uasset" 25
"../../../../../Projects/ProjetT4/Content/StarterContent/Audio/Smoke01.uasset" 26
"../../../../../Projects/ProjetT4/Content/StarterContent/Audio/Starter_Birds01.uasset" 27
"../../../../../Projects/ProjetT4/Content/StarterContent/Audio/Starter_Music01.uasset" 28
"../../../../../Projects/ProjetT4/Content/StarterContent/Audio/Starter_Wind05.uasset" 29
"../../../../../Projects/ProjetT4/Content/StarterContent/Audio/Starter_Wind06.uasset" 30
"../../../../../Projects/ProjetT4/Content/StarterContent/Audio/Steam01.uasset" 31
"../../../../../Projects/ProjetT4/Content/StarterContent/Audio/Explosion_Cue.uasset" 32
"../../../../../Projects/ProjetT4/Content/StarterContent/Textures/T_Burst_M.uasset" 33
"../../../../../Projects/ProjetT4/Content/StarterContent/Particles/Materials/M_Burst.uasset" 34
"../../../../../Projects/ProjetT4/Content/StarterContent/Textures/T_Explosion_SubUV.uasset" 35
"../../../../../Projects/ProjetT4/Content/StarterContent/Particles/Materials/M_explosion_subUV.uasset" 36
"../../../../../Projects/ProjetT4/Content/StarterContent/Particles/Materials/m_flare_01.uasset" 37
"../../../Engine/Content/Functions/Engine_MaterialFunctions01/Gradient/RadialGradient.uasset" 38
"../../../../../Projects/ProjetT4/Content/StarterContent/Particles/Materials/M_radial_ramp.uasset" 39
"../../../../../Projects/ProjetT4/Content/StarterContent/Textures/T_Smoke_SubUV.uasset" 40
"../../../../../Projects/ProjetT4/Content/StarterContent/Textures/T_Smoke_Tiled_D.uasset" 41
"../../../../../Projects/ProjetT4/Content/StarterContent/Particles/Materials/M_smoke_subUV.uasset" 42
"../../../../../Projects/ProjetT4/Content/StarterContent/Particles/P_Explosion.uasset" 43
"../../../../../Projects/ProjetT4/Content/StarterContent/Blueprints/Blueprint_Effect_Explosion.uasset" 44
"../../../Engine/Content/EditorMeshes/ColorCalibrator/T_ColorGrid.uasset" 45
"../../../../../Projects/ProjetT4/Content/StarterContent/Materials/M_ColorGrid_LowSpec.uasset" 46
"../../../../../Projects/ProjetT4/Content/StarterContent/Textures/T_Bush_D.uasset" 47
"../../../../../Projects/ProjetT4/Content/StarterContent/Textures/T_Bush_N.uasset" 48
"../../../../../Projects/ProjetT4/Content/StarterContent/Props/Materials/M_Bush.uasset" 49
"../../../../../Projects/ProjetT4/Content/StarterContent/Props/SM_Bush.uasset" 50
"../../../../../Projects/ProjetT4/Content/StarterContent/Textures/T_Chair_M.uasset" 51
"../../../../../Projects/ProjetT4/Content/StarterContent/Textures/T_Chair_N.uasset" 52
"../../../../../Projects/ProjetT4/Content/StarterContent/Props/Materials/M_Chair.uasset" 53
"../../../../../Projects/ProjetT4/Content/StarterContent/Props/SM_Couch.uasset" 54
"../../../../../Projects/ProjetT4/Content/StarterContent/Materials/M_Glass.uasset" 55
"../../../../../Projects/ProjetT4/Content/StarterContent/Textures/T_Door_M.uasset" 56
"../../../../../Projects/ProjetT4/Content/StarterContent/Textures/T_Door_N.uasset" 57
"../../../../../Projects/ProjetT4/Content/StarterContent/Props/Materials/M_Door.uasset" 58
"../../../../../Projects/ProjetT4/Content/StarterContent/Props/SM_Door.uasset" 59
"../../../../../Projects/ProjetT4/Content/StarterContent/Props/Materials/M_MaterialSphere.uasset" 60
"../../../../../Projects/ProjetT4/Content/StarterContent/Props/Materials/M_MaterialSphere_Plain.uasset" 61
"../../../../../Projects/ProjetT4/Content/StarterContent/Props/SM_MatPreviewMesh_02.uasset" 62
"../../../Engine/Content/Functions/Engine_MaterialFunctions02/Utility/BlendAngleCorrectedNormals.uasset" 63
"../../../../../Projects/ProjetT4/Content/StarterContent/Textures/T_Detail_Rocky_N.uasset" 64
"../../../../../Projects/ProjetT4/Content/StarterContent/Textures/T_Rock_Basalt_D.uasset" 65
"../../../../../Projects/ProjetT4/Content/StarterContent/Textures/T_RockMesh_M.uasset" 66
"../../../../../Projects/ProjetT4/Content/StarterContent/Textures/T_RockMesh_N.uasset" 67
"../../../../../Projects/ProjetT4/Content/StarterContent/Props/Materials/M_Rock.uasset" 68
"../../../../../Projects/ProjetT4/Content/StarterContent/Props/SM_Rock.uasset" 69
"../../../../../Projects/ProjetT4/Content/StarterContent/Textures/T_Shelf_M.uasset" 70
"../../../../../Projects/ProjetT4/Content/StarterContent/Textures/T_Shelf_N.uasset" 71
"../../../../../Projects/ProjetT4/Content/StarterContent/Props/Materials/M_Shelf.uasset" 72
"../../../../../Projects/ProjetT4/Content/StarterContent/Props/SM_Shelf.uasset" 73
"../../../../../Projects/ProjetT4/Content/StarterContent/Materials/M_Basic_Floor.uasset" 74
"../../../../../Projects/ProjetT4/Content/StarterContent/Props/SM_Stairs.uasset" 75
"../../../../../Projects/ProjetT4/Content/StarterContent/Shapes/Shape_Cone.uasset" 76
"../../../../../Projects/ProjetT4/Content/StarterContent/Shapes/Shape_Cylinder.uasset" 77
"../../../../../Projects/ProjetT4/Content/StarterContent/Shapes/Shape_NarrowCapsule.uasset" 78
"../../../../../Projects/ProjetT4/Content/StarterContent/Shapes/Shape_Pipe.uasset" 79
"../../../../../Projects/ProjetT4/Content/StarterContent/Shapes/Shape_Pipe_180.uasset" 80
"../../../../../Projects/ProjetT4/Content/StarterContent/Shapes/Shape_Pipe_90.uasset" 81
"../../../../../Projects/ProjetT4/Content/StarterContent/Shapes/Shape_Plane.uasset" 82
"../../../../../Projects/ProjetT4/Content/StarterContent/Shapes/Shape_Torus.uasset" 83
"../../../../../Projects/ProjetT4/Content/StarterContent/Shapes/Shape_Trim.uasset" 84
"../../../../../Projects/ProjetT4/Content/StarterContent/Shapes/Shape_Trim_90_In.uasset" 85
"../../../../../Projects/ProjetT4/Content/StarterContent/Shapes/Shape_Trim_90_Out.uasset" 86
"../../../../../Projects/ProjetT4/Content/StarterContent/Shapes/Shape_TriPyramid.uasset" 87
"../../../../../Projects/ProjetT4/Content/StarterContent/Shapes/Shape_Tube.uasset" 88
"../../../../../Projects/ProjetT4/Content/StarterContent/Shapes/Shape_Wedge_A.uasset" 89
"../../../../../Projects/ProjetT4/Content/StarterContent/Shapes/Shape_Wedge_B.uasset" 90
"../../../../../Projects/ProjetT4/Content/StarterContent/Shapes/Shape_WideCapsule.uasset" 91
"../../../../../Projects/ProjetT4/Content/UI/CopieEleve.uasset" 92
"../../../../../Projects/ProjetT4/Content/UI/SujetControle.uasset" 93
"../../../../../Projects/ProjetT4/Content/UI/WControle.uasset" 94
"../../../Engine/Content/Animation/DefaultAnimCurveCompressionSettings.uasset" 95
"../../../Engine/Content/ArtTools/RenderToTexture/Meshes/S_1_Unit_Plane.uasset" 96
"../../../Engine/Content/BasicShapes/Plane.uasset" 97
"../../../Engine/Content/EditorLandscapeResources/DataLayer.uasset" 98
"../../../Engine/Content/EditorMaterials/MAT_Groups_Toggle.uasset" 99
"../../../Engine/Content/EditorMaterials/MAT_Groups_Visibility.uasset" 100
"../../../Engine/Content/EditorMaterials/PreviewShadowIndicator.uasset" 101
"../../../Engine/Content/EditorMaterials/PreviewShadowIndicatorMaterial.uasset" 102
"../../../Engine/Content/EditorMaterials/MatineeGroups/MAT_ColorTrack.uasset" 103
"../../../Engine/Content/EditorMaterials/MatineeGroups/MAT_Groups_Anim.uasset" 104
"../../../Engine/Content/EditorMaterials/MatineeGroups/MAT_Groups_AudioMaster.uasset" 105
"../../../Engine/Content/EditorMaterials/MatineeGroups/MAT_Groups_Director.uasset" 106
"../../../Engine/Content/EditorMaterials/MatineeGroups/MAT_Groups_Event.uasset" 107
"../../../Engine/Content/EditorMaterials/MatineeGroups/MAT_Groups_Fade.uasset" 108
"../../../Engine/Content/EditorMaterials/MatineeGroups/MAT_Groups_Float.uasset" 109
"../../../Engine/Content/EditorMaterials/MatineeGroups/MAT_Groups_Move.uasset" 110
"../../../Engine/Content/EditorMaterials/MatineeGroups/MAT_Groups_Slomo.uasset" 111
"../../../Engine/Content/EditorMaterials/MatineeGroups/MAT_Groups_Sound.uasset" 112
"../../../Engine/Content/EditorMaterials/MatineeGroups/MAT_Groups_Vector.uasset" 113
"../../../Engine/Content/EditorMaterials/ParticleSystems/PSysThumbnail_NoImage.uasset" 114
"../../../Engine/Content/EditorMaterials/ParticleSystems/PSysThumbnail_OOD.uasset" 115
"../../../Engine/Content/EditorMaterials/Camera/CineMat.uasset" 116
"../../../Engine/Content/EditorMaterials/Camera/MI_CineMat_Rig.uasset" 117
"../../../Engine/Content/EditorMeshes/Camera/SM_CraneRig_Arm.uasset" 118
"../../../Engine/Content/EditorMeshes/Camera/SM_CraneRig_Base.uasset" 119
"../../../Engine/Content/EditorMeshes/Camera/SM_CraneRig_Body.uasset" 120
"../../../Engine/Content/EditorMeshes/Camera/SM_CraneRig_Mount.uasset" 121
"../../../Engine/Content/EditorMeshes/Camera/SM_RailRig_Mount.uasset" 122
"../../../Engine/Content/EditorMeshes/Camera/SM_RailRig_Track.uasset" 123
"../../../Engine/Content/EditorResources/BSPVertex.uasset" 124
"../../../Engine/Content/EditorResources/EmptyActor.uasset" 125
"../../../Engine/Content/EditorResources/S_Actor.uasset" 126
"../../../Engine/Content/EditorResources/S_Note.uasset" 127
"../../../Engine/Content/EditorResources/S_Solver.uasset" 128
"../../../Engine/Content/EditorResources/S_Trigger.uasset" 129
"../../../Engine/Content/EditorResources/AudioIcons/S_AudioComponent.uasset" 130
"../../../Engine/Content/EditorResources/AudioIcons/S_AudioComponent_AutoActivate.uasset" 131
"../../../Engine/Content/EditorResources/LightIcons/S_LightError.uasset" 132
"../../../Engine/Content/EditorResources/SequenceRecorder/Countdown.uasset" 133
"../../../Engine/Content/EditorResources/SequenceRecorder/RecordingIndicator.uasset" 134
"../../../Engine/Content/EditorSounds/Notifications/CompileFailed.uasset" 135
"../../../Engine/Content/EditorSounds/Notifications/CompileFailed_Cue.uasset" 136
"../../../Engine/Content/EditorSounds/Notifications/CompileSuccess.uasset" 137
"../../../Engine/Content/EditorSounds/Notifications/CompileStart_Cue.uasset" 138
"../../../Engine/Content/EditorSounds/Notifications/CompileSuccess_Cue.uasset" 139
"../../../Engine/Content/EngineDamageTypes/DmgTypeBP_Environmental.uasset" 140
"../../../Engine/Content/EngineDebugMaterials/DebugEditorMaterial.uasset" 141
"../../../Engine/Content/EngineDebugMaterials/DebugMeshMaterial.uasset" 142
"../../../Engine/Content/EngineDebugMaterials/M_SimpleTranslucent.uasset" 143
"../../../Engine/Content/Functions/Engine_MaterialFunctions02/Utility/CameraDirectionVector.uasset" 144
"../../../Engine/Content/EngineDebugMaterials/VolumeToRender.uasset" 145
"../../../Engine/Content/EngineDebugMaterials/M_VolumeRenderSphereTracePP.uasset" 146
"../../../Engine/Content/EngineDebugMaterials/WireframeMaterial.uasset" 147
"../../../Engine/Content/EngineFonts/Faces/DroidSansFallback.uasset" 148
"../../../Engine/Content/EngineFonts/Faces/RobotoBold.uasset" 149
"../../../Engine/Content/EngineFonts/Faces/RobotoBoldItalic.uasset" 150
"../../../Engine/Content/EngineFonts/Faces/RobotoItalic.uasset" 151
"../../../Engine/Content/EngineFonts/Faces/RobotoLight.uasset" 152
"../../../Engine/Content/EngineFonts/Faces/RobotoRegular.uasset" 153
"../../../Engine/Content/EngineFonts/Roboto.uasset" 154
"../../../Engine/Content/EngineMaterials/BaseFlattenDiffuseMap.uasset" 155
"../../../Engine/Content/EngineMaterials/BaseFlattenEmissiveMap.uasset" 156
"../../../Engine/Content/EngineMaterials/BaseFlattenGrayscaleMap.uasset" 157
"../../../Engine/Content/EngineMaterials/BaseFlattenNormalMap.uasset" 158
"../../../Engine/Content/EngineMaterials/BaseFlattenMaterial.uasset" 159
"../../../Engine/Content/EngineMaterials/BlueNoise.uasset" 160
"../../../Engine/Content/EngineMaterials/DefaultBloomKernel.uasset" 161
"../../../Engine/Content/EngineMaterials/DefaultBokeh.uasset" 162
"../../../Engine/Content/EngineMaterials/DefaultDiffuse.uasset" 163
"../../../Engine/Content/EngineMaterials/DefaultDeferredDecalMaterial.uasset" 164
"../../../Engine/Content/EngineMaterials/DefaultLightFunctionMaterial.uasset" 165
"../../../Engine/Content/EngineMaterials/DefaultPhysicalMaterial.uasset" 166
"../../../Engine/Content/Functions/Engine_MaterialFunctions02/Utility/BreakOutFloat2Components.uasset" 167
"../../../Engine/Content/EngineMaterials/DefaultPostProcessMaterial.uasset" 168
"../../../Engine/Content/EngineFonts/RobotoDistanceField.uasset" 169
"../../../Engine/Content/EngineMaterials/DefaultTextMaterialOpaque.uasset" 170
"../../../Engine/Content/EngineMaterials/DefaultVirtualTextureMaterial.uasset" 171
"../../../Engine/Content/EngineMaterials/DefaultWhiteGrid.uasset" 172
"../../../Engine/Content/EngineMaterials/DefaultWhiteGrid_Low.uasset" 173
"../../../Engine/Content/EngineMaterials/EmissiveMeshMaterial.uasset" 174
"../../../Engine/Content/EngineMaterials/GizmoMaterial.uasset" 175
"../../../Engine/Content/EngineMaterials/Good64x64TilingNoiseHighFreq.uasset" 176
"../../../Engine/Content/EngineMaterials/HairDefaultMaterial.uasset" 177
"../../../Engine/Content/EngineMaterials/MiniFont.uasset" 178
"../../../Engine/Content/EngineMaterials/InvalidLightmapSettings.uasset" 179
"../../../Engine/Content/EngineMaterials/M_InvalidLightmapSettings.uasset" 180
"../../../Engine/Content/Functions/Engine_MaterialFunctions02/WorldPositionOffset/CameraOffset.uasset" 181
"../../../Engine/Content/EngineMaterials/PhAT_JointLimitMaterial.uasset" 182
"../../../Engine/Content/EngineMaterials/PreintegratedSkinBRDF.uasset" 183
"../../../Engine/Content/EngineMaterials/RemoveSurfaceMaterial.uasset" 184
"../../../Engine/Content/EngineMaterials/WeightMapPlaceholderTexture.uasset" 185
"../../../Engine/Content/EngineResources/WhiteSquareTexture.uasset" 186
"../../../Engine/Content/EngineMaterials/Widget3DPassThrough.uasset" 187
"../../../Engine/Content/EngineMaterials/Widget3DPassThrough_Masked.uasset" 188
"../../../Engine/Content/EngineMaterials/Widget3DPassThrough_Opaque.uasset" 189
"../../../Engine/Content/EngineMaterials/Widget3DPassThrough_Masked_OneSided.uasset" 190
"../../../Engine/Content/EngineMaterials/Widget3DPassThrough_Opaque_OneSided.uasset" 191
"../../../Engine/Content/EngineMaterials/DefaultMaterial.uasset" 192
"../../../Engine/Content/EngineMeshes/Cylinder.uasset" 193
"../../../Engine/Content/EngineMeshes/Sphere.uasset" 194
"../../../Engine/Content/EngineResources/Black.uasset" 195
"../../../Engine/Content/EngineResources/DefaultTexture.uasset" 196
"../../../Engine/Content/EngineResources/DefaultTextureCube.uasset" 197
"../../../Engine/Content/EngineResources/DefaultVolumeTexture2D.uasset" 198
"../../../Engine/Content/EngineResources/DefaultVolumeTexture.uasset" 199
"../../../Engine/Content/EngineResources/GradientTexture0.uasset" 200
"../../../Engine/Content/EngineSounds/Master.uasset" 201
"../../../Engine/Content/Functions/Engine_MaterialFunctions01/Shading/ConvertFromDiffSpec.uasset" 202
"../../../Engine/Content/Functions/Engine_MaterialFunctions01/Shading/PowerToRoughness.uasset" 203
"../../../Engine/Content/Maps/Templates/Thumbnails/Default.uasset" 204
"../../../Engine/Content/Maps/Templates/Thumbnails/TimeOfDay.uasset" 205
"../../../Engine/Content/Maps/Templates/Thumbnails/VR-Basic.uasset" 206
"../../../Engine/Content/MobileResources/T_MobileControls_texture.uasset" 207
"../../../Engine/Content/MobileResources/T_MobileMenu2.uasset" 208
"../../../Engine/Content/MobileResources/HUD/AnalogHat.uasset" 209
"../../../Engine/Content/MobileResources/HUD/VirtualJoystick_Background.uasset" 210
"../../../Engine/Content/MobileResources/HUD/VirtualJoystick_Thumb.uasset" 211
"../../../Engine/Content/MobileResources/HUD/DefaultVirtualJoysticks.uasset" 212
"../../../Engine/Content/MobileResources/HUD/LeftVirtualJoystickOnly.uasset" 213
"../../../Engine/Content/MobileResources/HUD/MobileHUDButton1_off.uasset" 214
"../../../Engine/Content/MobileResources/HUD/MobileHUDButton1_on.uasset" 215
"../../../Engine/Content/MobileResources/HUD/MobileHUDButton2_off.uasset" 216
"../../../Engine/Content/MobileResources/HUD/MobileHUDButton2_on.uasset" 217
"../../../Engine/Content/MobileResources/HUD/MobileHUDButton3.uasset" 218
"../../../Engine/Content/MobileResources/HUD/MobileHUDButtonFire.uasset" 219
"../../../Engine/Content/MobileResources/HUD/MobileHUDDirectionPad.uasset" 220
"../../../Engine/Content/MobileResources/HUD/MobileHUDDirectionPad2.uasset" 221
"../../../Engine/Content/MobileResources/HUD/MobileHUDDirectionPad3.uasset" 222
"../../../Engine/Content/MobileResources/HUD/MobileHUDDirectionStick.uasset" 223
"../../../Engine/Content/MobileResources/HUD/T_Castle_ThumbstickInner.uasset" 224
"../../../Engine/Content/MobileResources/HUD/T_Castle_ThumbstickOutter.uasset" 225
"../../../Engine/Content/Tutorial/ContentIntroCurve.uasset" 226
"../../../Engine/Content/Tutorial/Basics/LevelEditorAttract.uasset" 227
"../../../Engine/Content/VREditor/LaserPointer/VR_LaserPower_01.uasset" 228
"../../../Engine/Content/VREditor/TransformGizmo/TransformGizmoMaterial.uasset" 229
"../../../Engine/Content/VREditor/TransformGizmo/TranslucentTransformGizmoMaterial.uasset" 230
"../../../Engine/Content/VREditor/TransformGizmo/BoundingBoxCorner.uasset" 231
"../../../Engine/Content/VREditor/TransformGizmo/BoundingBoxEdge.uasset" 232
"../../../Engine/Content/VREditor/TransformGizmo/PlaneTranslationHandle.uasset" 233
"../../../Engine/Content/VREditor/TransformGizmo/Main.uasset" 234
"../../../Engine/Content/VREditor/TransformGizmo/Xray.uasset" 235
"../../../Engine/Content/VREditor/TransformGizmo/SM_Sequencer_Key.uasset" 236
"../../../Engine/Content/VREditor/TransformGizmo/SM_Sequencer_Node.uasset" 237
"../../Plugins/2D/Paper2D/Content/PlaceholderTextures/DummySpriteTexture.uasset" 238
"../../Plugins/2D/Paper2D/Content/DummySprite.uasset" 239
"../../Plugins/2D/Paper2D/Content/DefaultPaperTerrainMaterial.uasset" 240
"../../Plugins/2D/Paper2D/Content/DummySpriteTexture.uasset" 241
"../../Plugins/2D/Paper2D/Content/DefaultSpriteMaterial.uasset" 242
"../../Plugins/2D/Paper2D/Content/MaskedUnlitSpriteMaterial.uasset" 243
"../../Plugins/2D/Paper2D/Content/OpaqueUnlitSpriteMaterial.uasset" 244
"../../../Engine/Content/Functions/Engine_MaterialFunctions02/Utility/BreakOutFloat4Components.uasset" 245
"../../../Engine/Content/Functions/Engine_MaterialFunctions02/Utility/MakeFloat2.uasset" 246
"../../../Engine/Content/Functions/Engine_MaterialFunctions02/Utility/MakeFloat3.uasset" 247
"../../Plugins/Runtime/Oculus/OculusVR/Content/Materials/OculusMR_ChromaKey.uasset" 248
"../../Plugins/Runtime/Oculus/OculusVR/Content/Materials/OculusMR_ChromaKey_Lit.uasset" 249
"../../Plugins/Runtime/Oculus/OculusVR/Content/Materials/OculusMR_OpaqueColoredMaterial.uasset" 250
"../../Plugins/Runtime/Oculus/OculusVR/Content/Materials/OculusMR_WhiteMaterial.uasset" 251
"../../../../../Projects/ProjetT4/Content/Maps/Devmap.umap" 252
"../../../../../Projects/ProjetT4/Content/Data/DataBonjour.uasset" 253
"../../../../../Projects/ProjetT4/Content/Data/DataQuestionProf.uasset" 254
"../../../Engine/Content/EditorBlueprintResources/StandardMacros.uasset" 255
"../../../../../Projects/ProjetT4/Content/Assets/Materials/BoutonNoir.uasset" 256
"../../../Engine/Content/BasicShapes/Cube.uasset" 257
"../../../../../Projects/ProjetT4/Content/UI/dialog.uasset" 258
"../../../../../Projects/ProjetT4/Content/UI/ITableau.uasset" 259
"../../../../../Projects/ProjetT4/Content/Blueprint/Objects/Tableau.uasset" 260
"../../../../../Projects/ProjetT4/Content/Data/QuestionsProf.uasset" 261
"../../../../../Projects/ProjetT4/Content/UI/Interface.uasset" 262
"../../../../../Projects/ProjetT4/Content/Blueprint/Players/Prof.uasset" 263
"../../../../../Projects/ProjetT4/Content/Data/DataEleve.uasset" 264
"../../../../../Projects/ProjetT4/Content/Data/Eleves.uasset" 265
"../../../../../Projects/ProjetT4/Content/UI/FondFicheEleve.uasset" 266
"../../../../../Projects/ProjetT4/Content/UI/progress.uasset" 267
"../../../../../Projects/ProjetT4/Content/UI/StatEleve.uasset" 268
"../../../../../Projects/ProjetT4/Content/UI/WidgetResult.uasset" 269
"../../../../../Projects/ProjetT4/Content/Blueprint/Gamemode/MainGamemode.uasset" 270
"../../../Engine/Content/BasicShapes/BasicShapeMaterial.uasset" 271
"../../../../../Projects/ProjetT4/Content/Assets/Materials/BoisBras.uasset" 272
"../../../../../Projects/ProjetT4/Content/Assets/Materials/Carotte.uasset" 273
"../../../Engine/Content/BasicShapes/Cone.uasset" 274
"../../../Engine/Content/BasicShapes/Sphere.uasset" 275
"../../../../../Projects/ProjetT4/Content/Assets/Mesh/Brindille.uasset" 276
"../../../../../Projects/ProjetT4/Content/Blueprint/Players/BonhommeNeige.uasset" 277
"../../../../../Projects/ProjetT4/Content/Data/Bonjour.uasset" 278
"../../../../../Projects/ProjetT4/Content/UI/WidgetEleve.uasset" 279
"../../../Engine/Content/EngineMaterials/Widget3DPassThrough_Translucent.uasset" 280
"../../../Engine/Content/EngineMaterials/Widget3DPassThrough_Translucent_OneSided.uasset" 281
"../../../../../Projects/ProjetT4/Content/Assets/Sounds/VoiceAudio.uasset" 282
"../../../../../Projects/ProjetT4/Content/Assets/Textures/Bulles.uasset" 283
"../../../../../Projects/ProjetT4/Content/UI/Bulles.uasset" 284
"../../../../../Projects/ProjetT4/Content/Assets/Mesh/carotte.uasset" 285
"../../../../../Projects/ProjetT4/Content/Blueprint/Players/Eleve.uasset" 286
"../../../../../Projects/ProjetT4/Content/Assets/Materials/Glace.uasset" 287
"../../../../../Projects/ProjetT4/Content/Assets/Mesh/TableMesh.uasset" 288
"../../../../../Projects/ProjetT4/Content/Blueprint/Objects/Table.uasset" 289
"../../../../../Projects/ProjetT4/Content/Blueprint/Objects/BureauProf.uasset" 290
"../../../../../Projects/ProjetT4/Content/StarterContent/HDRI/HDRI_Epic_Courtyard_Daylight.uasset" 291
"../../../../../Projects/ProjetT4/Content/Maps/SalleClasse.umap" 292
"../../../../../Projects/ProjetT4/Content/Maps/SalleClasse_Elias.umap" 293
"../../../../../Projects/ProjetT4/Content/Maps/SalleClasse_Francois.umap" 294
"../../../../../Projects/ProjetT4/Content/Maps/SalleClasse_Mathieu.umap" 295
"../../../../../Projects/ProjetT4/Content/Assets/Materials/TissusRouge.uasset" 296
"../../../../../Projects/ProjetT4/Content/Assets/Mesh/Chapeau2.uasset" 297
"../../../../../Projects/ProjetT4/Content/Blueprint/Players/Eleves/Variante1.uasset" 298
"../../../../../Projects/ProjetT4/Content/Assets/Mesh/Echarpe.uasset" 299
"../../../../../Projects/ProjetT4/Content/Blueprint/Players/Eleves/Variante10.uasset" 300
"../../../../../Projects/ProjetT4/Content/Assets/Mesh/Chapeau1.uasset" 301
"../../../../../Projects/ProjetT4/Content/Blueprint/Players/Eleves/Variante2.uasset" 302
"../../../../../Projects/ProjetT4/Content/Blueprint/Players/Eleves/Variante3.uasset" 303
"../../../../../Projects/ProjetT4/Content/Blueprint/Players/Eleves/Variante4.uasset" 304
"../../../../../Projects/ProjetT4/Content/Blueprint/Players/Eleves/Variante5.uasset" 305
"../../../../../Projects/ProjetT4/Content/Blueprint/Players/Eleves/Variante6.uasset" 306
"../../../../../Projects/ProjetT4/Content/Assets/Mesh/Lunettes.uasset" 307
"../../../../../Projects/ProjetT4/Content/Blueprint/Players/Eleves/Variante7.uasset" 308
"../../../../../Projects/ProjetT4/Content/Assets/Materials/CleanWood.uasset" 309
"../../../../../Projects/ProjetT4/Content/Assets/Mesh/Mosutache2.uasset" 310
"../../../../../Projects/ProjetT4/Content/Blueprint/Players/Eleves/Variante8.uasset" 311
"../../../../../Projects/ProjetT4/Content/Assets/Materials/PoigneePorte.uasset" 312
"../../../../../Projects/ProjetT4/Content/Assets/Mesh/Moustache1_Cube.uasset" 313
"../../../../../Projects/ProjetT4/Content/Blueprint/Players/Eleves/Variante9.uasset" 314
"../../../Engine/Content/EngineSky/C_Sky_Cloud_Color.uasset" 315
"../../../Engine/Content/EngineSky/C_Sky_Horizon_Color.uasset" 316
"../../../Engine/Content/EngineSky/C_Sky_Zenith_Color.uasset" 317
"../../../Engine/Content/EngineSky/T_Sky_Blue.uasset" 318
"../../../Engine/Content/EngineSky/T_Sky_Clouds_M.uasset" 319
"../../../Engine/Content/EngineSky/T_Sky_Stars.uasset" 320
"../../../Engine/Content/EngineSky/M_Sky_Panning_Clouds2.uasset" 321
"../../../Engine/Content/EngineSky/SM_SkySphere.uasset" 322
"../../../Engine/Content/EngineSky/BP_Sky_Sphere.uasset" 323
"../../../Engine/Content/BasicShapes/Cylinder.uasset" 324
"../../../../../Projects/ProjetT4/Content/Assets/Mesh/Corbeille.uasset" 325
"../../../../../Projects/ProjetT4/Content/Assets/Mesh/Door.uasset" 326
"../../../../../Projects/ProjetT4/Content/Assets/Materials/DarkWood.uasset" 327
"../../../../../Projects/ProjetT4/Content/Assets/Materials/Murs.uasset" 328
"../../../../../Projects/ProjetT4/Content/Assets/Mesh/Ecole.uasset" 329
"../../../../../Projects/ProjetT4/Content/Assets/Materials/Feuillage.uasset" 330
"../../../../../Projects/ProjetT4/Content/Assets/Mesh/PaquetCadeau.uasset" 331
"../../../../../Projects/ProjetT4/Content/Assets/Mesh/Poel.uasset" 332
"../../../../../Projects/ProjetT4/Content/Assets/Mesh/Sapin.uasset" 333
"../../../../../Projects/ProjetT4/Content/Assets/Particle/Flocon.uasset" 334
"../../../../../Projects/ProjetT4/Content/Assets/Particle/MatFLocon.uasset" 335
"../../../../../Projects/ProjetT4/Content/Assets/Particle/Neige.uasset" 336
"../../../../../Projects/ProjetT4/Content/Maps/SalleClasse_Pierre.umap" 337
"../../../../../Projects/ProjetT4/Content/StarterContent/Blueprints/Assets/FogBrightnessLUT.uasset" 338
"../../../../../Projects/ProjetT4/Content/StarterContent/Blueprints/Assets/SunlightColorLUT.uasset" 339
"../../../../../Projects/ProjetT4/Content/StarterContent/Blueprints/Assets/M_LightStage_Arrows.uasset" 340
"../../../Engine/Content/MapTemplates/Sky/DaylightAmbientCubemap.uasset" 341
"../../../../../Projects/ProjetT4/Content/StarterContent/Blueprints/Assets/M_LightStage_Skybox_Master.uasset" 342
"../../../../../Projects/ProjetT4/Content/StarterContent/Blueprints/Assets/M_LightStage_Skybox_Black.uasset" 343
"../../../../../Projects/ProjetT4/Content/StarterContent/Blueprints/Assets/M_LightStage_Skybox_HDRI.uasset" 344
"../../../Engine/Content/EditorMaterials/Thumbnails/SkySphereMaterial.uasset" 345
"../../../../../Projects/ProjetT4/Content/StarterContent/Blueprints/Assets/Skybox.uasset" 346
"../../../../../Projects/ProjetT4/Content/StarterContent/Blueprints/Assets/SM_Arrows.uasset" 347
"../../../../../Projects/ProjetT4/Content/StarterContent/Blueprints/BP_LightStudio.uasset" 348
"../../../../../Projects/ProjetT4/Content/StarterContent/Maps/Advanced_Lighting_BuiltData.uasset" 349
"../../../../../Projects/ProjetT4/Content/StarterContent/Materials/M_AssetPlatform.uasset" 350
"../../../Engine/Content/EditorMeshes/ColorCalibrator/M_ChromeBall.uasset" 351
"../../../Engine/Content/EditorMeshes/ColorCalibrator/M_ClearCoat.uasset" 352
"../../../Engine/Content/EditorMeshes/ColorCalibrator/M_ClearCoatBlack.uasset" 353
"../../../Engine/Content/EditorMeshes/ColorCalibrator/Color_checker.uasset" 354
"../../../Engine/Content/EditorMeshes/ColorCalibrator/M_ColorGrid.uasset" 355
"../../../Engine/Content/EditorMeshes/ColorCalibrator/M_GreyBall.uasset" 356
"../../../Engine/Content/EditorMeshes/ColorCalibrator/SM_ColorCalibrator.uasset" 357
"../../../../../Projects/ProjetT4/Content/StarterContent/Architecture/SM_AssetPlatform.uasset" 358
"../../../../../Projects/ProjetT4/Content/StarterContent/Maps/Advanced_Lighting.umap" 359
"../../../../../Projects/ProjetT4/Content/StarterContent/Maps/Minimal_Default_BuiltData.uasset" 360
"../../../../../Projects/ProjetT4/Content/StarterContent/Textures/T_MacroVariation.uasset" 361
"../../../../../Projects/ProjetT4/Content/StarterContent/Materials/M_Metal_Brushed_Nickel.uasset" 362
"../../../../../Projects/ProjetT4/Content/StarterContent/Textures/T_Metal_Aluminum_D.uasset" 363
"../../../../../Projects/ProjetT4/Content/StarterContent/Textures/T_Metal_Gold_N.uasset" 364
"../../../../../Projects/ProjetT4/Content/StarterContent/Materials/M_Metal_Burnished_Steel.uasset" 365
"../../../../../Projects/ProjetT4/Content/StarterContent/Textures/T_Metal_Copper_D.uasset" 366
"../../../../../Projects/ProjetT4/Content/StarterContent/Materials/M_Metal_Copper.uasset" 367
"../../../../../Projects/ProjetT4/Content/StarterContent/Textures/T_Statue_M.uasset" 368
"../../../../../Projects/ProjetT4/Content/StarterContent/Textures/T_Statue_N.uasset" 369
"../../../../../Projects/ProjetT4/Content/StarterContent/Props/Materials/M_StatueGlass.uasset" 370
"../../../../../Projects/ProjetT4/Content/StarterContent/Architecture/Floor_400x400.uasset" 371
"../../../../../Projects/ProjetT4/Content/StarterContent/Audio/Starter_Background_Cue.uasset" 372
"../../../../../Projects/ProjetT4/Content/StarterContent/Props/SM_Chair.uasset" 373
"../../../../../Projects/ProjetT4/Content/StarterContent/Props/Materials/M_Statue.uasset" 374
"../../../../../Projects/ProjetT4/Content/StarterContent/Props/SM_Statue.uasset" 375
"../../../../../Projects/ProjetT4/Content/StarterContent/Textures/T_TableRound_M.uasset" 376
"../../../../../Projects/ProjetT4/Content/StarterContent/Textures/T_TableRound_N.uasset" 377
"../../../../../Projects/ProjetT4/Content/StarterContent/Props/Materials/M_TableRound.uasset" 378
"../../../../../Projects/ProjetT4/Content/StarterContent/Props/SM_TableRound.uasset" 379
"../../../../../Projects/ProjetT4/Content/StarterContent/Maps/Minimal_Default.umap" 380
"../../../../../Projects/ProjetT4/Content/StarterContent/Audio/Fire01_Cue.uasset" 381
"../../../../../Projects/ProjetT4/Content/StarterContent/Textures/T_Fire_SubUV.uasset" 382
"../../../../../Projects/ProjetT4/Content/StarterContent/Textures/T_Fire_Tiled_D.uasset" 383
"../../../../../Projects/ProjetT4/Content/StarterContent/Particles/Materials/M_Fire_SubUV.uasset" 384
"../../../../../Projects/ProjetT4/Content/StarterContent/Textures/T_Water_N.uasset" 385
"../../../../../Projects/ProjetT4/Content/StarterContent/Particles/Materials/M_Heat_Distortion.uasset" 386
"../../../../../Projects/ProjetT4/Content/StarterContent/Particles/Materials/M_Radial_Gradient.uasset" 387
"../../../../../Projects/ProjetT4/Content/StarterContent/Particles/P_Fire.uasset" 388
"../../../../../Projects/ProjetT4/Content/StarterContent/Blueprints/Blueprint_Effect_Fire.uasset" 389
"../../../../../Projects/ProjetT4/Content/StarterContent/Audio/Smoke01_Cue.uasset" 390
"../../../../../Projects/ProjetT4/Content/StarterContent/Particles/P_Smoke.uasset" 391
"../../../../../Projects/ProjetT4/Content/StarterContent/Blueprints/Blueprint_Effect_Smoke.uasset" 392
"../../../../../Projects/ProjetT4/Content/StarterContent/Audio/Fire_Sparks01_Cue.uasset" 393
"../../../../../Projects/ProjetT4/Content/StarterContent/Textures/T_Spark_Core.uasset" 394
"../../../../../Projects/ProjetT4/Content/StarterContent/Particles/Materials/M_Spark.uasset" 395
"../../../../../Projects/ProjetT4/Content/StarterContent/Particles/P_Sparks.uasset" 396
"../../../../../Projects/ProjetT4/Content/StarterContent/Blueprints/Blueprint_Effect_Sparks.uasset" 397
"../../../../../Projects/ProjetT4/Content/StarterContent/Audio/Steam01_Cue.uasset" 398
"../../../../../Projects/ProjetT4/Content/StarterContent/Particles/P_Steam_Lit.uasset" 399
"../../../../../Projects/ProjetT4/Content/StarterContent/Blueprints/Blueprint_Effect_Steam.uasset" 400
"../../../../../Projects/ProjetT4/Content/StarterContent/Textures/T_Lamp_M.uasset" 401
"../../../../../Projects/ProjetT4/Content/StarterContent/Textures/T_Lamp_N.uasset" 402
"../../../../../Projects/ProjetT4/Content/StarterContent/Props/Materials/M_Lamp.uasset" 403
"../../../../../Projects/ProjetT4/Content/StarterContent/Props/SM_Lamp_Ceiling.uasset" 404
"../../../../../Projects/ProjetT4/Content/StarterContent/Blueprints/Blueprint_CeilingLight.uasset" 405
"../../../../../Projects/ProjetT4/Content/StarterContent/Props/SM_Lamp_Wall.uasset" 406
"../../../../../Projects/ProjetT4/Content/StarterContent/Blueprints/Blueprint_WallSconce.uasset" 407
"../../../../../Projects/ProjetT4/Content/StarterContent/Maps/StarterMap_BuiltData.uasset" 408
"../../../Engine/Content/Functions/Engine_MaterialFunctions03/Procedurals/ComputeFilterWidth.uasset" 409
"../../../Engine/Content/EngineMaterials/AntiAliasedTextMaterialTranslucent.uasset" 410
"../../../../../Projects/ProjetT4/Content/StarterContent/Textures/T_Brick_Clay_Beveled_D.uasset" 411
"../../../../../Projects/ProjetT4/Content/StarterContent/Textures/T_Brick_Clay_Beveled_M.uasset" 412
"../../../../../Projects/ProjetT4/Content/StarterContent/Textures/T_Brick_Clay_Beveled_N.uasset" 413
"../../../../../Projects/ProjetT4/Content/StarterContent/Materials/M_Brick_Clay_Beveled.uasset" 414
"../../../../../Projects/ProjetT4/Content/StarterContent/Textures/T_Brick_Clay_New_D.uasset" 415
"../../../../../Projects/ProjetT4/Content/StarterContent/Textures/T_Brick_Clay_New_M.uasset" 416
"../../../../../Projects/ProjetT4/Content/StarterContent/Textures/T_Brick_Clay_New_N.uasset" 417
"../../../../../Projects/ProjetT4/Content/StarterContent/Materials/M_Brick_Clay_New.uasset" 418
"../../../../../Projects/ProjetT4/Content/StarterContent/Textures/T_Brick_Clay_Old_D.uasset" 419
"../../../../../Projects/ProjetT4/Content/StarterContent/Textures/T_Brick_Clay_Old_N.uasset" 420
"../../../../../Projects/ProjetT4/Content/StarterContent/Textures/T_Perlin_Noise_M.uasset" 421
"../../../../../Projects/ProjetT4/Content/StarterContent/Materials/M_Brick_Clay_Old.uasset" 422
"../../../../../Projects/ProjetT4/Content/StarterContent/Textures/T_Brick_Cut_Stone_D.uasset" 423
"../../../../../Projects/ProjetT4/Content/StarterContent/Textures/T_Brick_Cut_Stone_N.uasset" 424
"../../../../../Projects/ProjetT4/Content/StarterContent/Materials/M_Brick_Cut_Stone.uasset" 425
"../../../../../Projects/ProjetT4/Content/StarterContent/Textures/T_Brick_Hewn_Stone_D.uasset" 426
"../../../../../Projects/ProjetT4/Content/StarterContent/Textures/T_Brick_Hewn_Stone_M.uasset" 427
"../../../../../Projects/ProjetT4/Content/StarterContent/Textures/T_Brick_Hewn_Stone_N.uasset" 428
"../../../../../Projects/ProjetT4/Content/StarterContent/Materials/M_Brick_Hewn_Stone.uasset" 429
"../../../../../Projects/ProjetT4/Content/StarterContent/Textures/T_Ceramic_Tile_M.uasset" 430
"../../../../../Projects/ProjetT4/Content/StarterContent/Textures/T_Ceramic_Tile_N.uasset" 431
"../../../../../Projects/ProjetT4/Content/StarterContent/Textures/T_Rock_Marble_Polished_D.uasset" 432
"../../../../../Projects/ProjetT4/Content/StarterContent/Materials/M_Ceramic_Tile_Checker.uasset" 433
"../../../../../Projects/ProjetT4/Content/StarterContent/Textures/T_CobbleStone_Pebble_D.uasset" 434
"../../../../../Projects/ProjetT4/Content/StarterContent/Textures/T_CobbleStone_Pebble_M.uasset" 435
"../../../../../Projects/ProjetT4/Content/StarterContent/Textures/T_CobbleStone_Pebble_N.uasset" 436
"../../../../../Projects/ProjetT4/Content/StarterContent/Materials/M_CobbleStone_Pebble.uasset" 437
"../../../../../Projects/ProjetT4/Content/StarterContent/Textures/T_CobbleStone_Rough_D.uasset" 438
"../../../../../Projects/ProjetT4/Content/StarterContent/Textures/T_CobbleStone_Rough_N.uasset" 439
"../../../../../Projects/ProjetT4/Content/StarterContent/Textures/T_Gradinet_01.uasset" 440
"../../../../../Projects/ProjetT4/Content/StarterContent/Textures/T_Rock_Smooth_Granite_D.uasset" 441
"../../../../../Projects/ProjetT4/Content/StarterContent/Materials/M_CobbleStone_Rough.uasset" 442
"../../../../../Projects/ProjetT4/Content/StarterContent/Textures/T_CobbleStone_Smooth_D.uasset" 443
"../../../../../Projects/ProjetT4/Content/StarterContent/Textures/T_CobbleStone_Smooth_M.uasset" 444
"../../../../../Projects/ProjetT4/Content/StarterContent/Textures/T_CobbleStone_Smooth_N.uasset" 445
"../../../../../Projects/ProjetT4/Content/StarterContent/Materials/M_CobbleStone_Smooth.uasset" 446
"../../../../../Projects/ProjetT4/Content/StarterContent/Textures/T_Concrete_Grime_D.uasset" 447
"../../../../../Projects/ProjetT4/Content/StarterContent/Textures/T_Metal_Rust_N.uasset" 448
"../../../../../Projects/ProjetT4/Content/StarterContent/Materials/M_Concrete_Grime.uasset" 449
"../../../../../Projects/ProjetT4/Content/StarterContent/Textures/T_Concrete_Panels_D.uasset" 450
"../../../../../Projects/ProjetT4/Content/StarterContent/Textures/T_Concrete_Panels_N.uasset" 451
"../../../../../Projects/ProjetT4/Content/StarterContent/Materials/M_Concrete_Panels.uasset" 452
"../../../../../Projects/ProjetT4/Content/StarterContent/Textures/T_Concrete_Poured_D.uasset" 453
"../../../../../Projects/ProjetT4/Content/StarterContent/Textures/T_Concrete_Poured_N.uasset" 454
"../../../../../Projects/ProjetT4/Content/StarterContent/Materials/M_Concrete_Poured.uasset" 455
"../../../../../Projects/ProjetT4/Content/StarterContent/Textures/T_Concrete_Tiles_D.uasset" 456
"../../../../../Projects/ProjetT4/Content/StarterContent/Textures/T_Concrete_Tiles_M.uasset" 457
"../../../../../Projects/ProjetT4/Content/StarterContent/Textures/T_Concrete_Tiles_N.uasset" 458
"../../../../../Projects/ProjetT4/Content/StarterContent/Textures/T_Concrete_Tiles_Variation_M.uasset" 459
"../../../../../Projects/ProjetT4/Content/StarterContent/Materials/M_Concrete_Tiles.uasset" 460
"../../../../../Projects/ProjetT4/Content/StarterContent/Textures/T_Ground_Grass_D.uasset" 461
"../../../../../Projects/ProjetT4/Content/StarterContent/Textures/T_Ground_Grass_N.uasset" 462
"../../../../../Projects/ProjetT4/Content/StarterContent/Materials/M_Ground_Grass.uasset" 463
"../../../../../Projects/ProjetT4/Content/StarterContent/Textures/T_Ground_Gravel_D.uasset" 464
"../../../../../Projects/ProjetT4/Content/StarterContent/Textures/T_Ground_Gravel_N.uasset" 465
"../../../../../Projects/ProjetT4/Content/StarterContent/Materials/M_Ground_Gravel.uasset" 466
"../../../../../Projects/ProjetT4/Content/StarterContent/Textures/T_ground_Moss_D.uasset" 467
"../../../../../Projects/ProjetT4/Content/StarterContent/Textures/T_Ground_Moss_N.uasset" 468
"../../../../../Projects/ProjetT4/Content/StarterContent/Materials/M_Ground_Moss.uasset" 469
"../../../../../Projects/ProjetT4/Content/StarterContent/Materials/M_Metal_Chrome.uasset" 470
"../../../../../Projects/ProjetT4/Content/StarterContent/Textures/T_Metal_Gold_D.uasset" 471
"../../../../../Projects/ProjetT4/Content/StarterContent/Materials/M_Metal_Gold.uasset" 472
"../../../../../Projects/ProjetT4/Content/StarterContent/Textures/T_Metal_Rust_D.uasset" 473
"../../../../../Projects/ProjetT4/Content/StarterContent/Materials/M_Metal_Rust.uasset" 474
"../../../../../Projects/ProjetT4/Content/StarterContent/Textures/T_Metal_Steel_D.uasset" 475
"../../../../../Projects/ProjetT4/Content/StarterContent/Textures/T_Metal_Steel_N.uasset" 476
"../../../../../Projects/ProjetT4/Content/StarterContent/Materials/M_Metal_Steel.uasset" 477
"../../../../../Projects/ProjetT4/Content/StarterContent/Textures/T_Rock_Basalt_N.uasset" 478
"../../../../../Projects/ProjetT4/Content/StarterContent/Materials/M_Rock_Basalt.uasset" 479
"../../../../../Projects/ProjetT4/Content/StarterContent/Materials/M_Rock_Marble_Polished.uasset" 480
"../../../../../Projects/ProjetT4/Content/StarterContent/Textures/T_Rock_Sandstone_D.uasset" 481
"../../../../../Projects/ProjetT4/Content/StarterContent/Textures/T_Rock_Sandstone_N.uasset" 482
"../../../../../Projects/ProjetT4/Content/StarterContent/Materials/M_Rock_Sandstone.uasset" 483
"../../../../../Projects/ProjetT4/Content/StarterContent/Textures/T_Rock_Slate_D.uasset" 484
"../../../../../Projects/ProjetT4/Content/StarterContent/Textures/T_Rock_Slate_N.uasset" 485
"../../../../../Projects/ProjetT4/Content/StarterContent/Materials/M_Rock_Slate.uasset" 486
"../../../../../Projects/ProjetT4/Content/StarterContent/Textures/T_Checker_Noise_M.uasset" 487
"../../../../../Projects/ProjetT4/Content/StarterContent/Textures/T_Single_Tile_N.uasset" 488
"../../../../../Projects/ProjetT4/Content/StarterContent/Textures/T_Tech_Dot_M.uasset" 489
"../../../../../Projects/ProjetT4/Content/StarterContent/Textures/T_Tech_Dot_N.uasset" 490
"../../../../../Projects/ProjetT4/Content/StarterContent/Materials/M_Tech_Checker_Dot.uasset" 491
"../../../../../Projects/ProjetT4/Content/StarterContent/Textures/T_Tech_Hex_Tile_M.uasset" 492
"../../../../../Projects/ProjetT4/Content/StarterContent/Textures/T_Tech_Hex_Tile_N.uasset" 493
"../../../../../Projects/ProjetT4/Content/StarterContent/Materials/M_Tech_Hex_Tile.uasset" 494
"../../../../../Projects/ProjetT4/Content/StarterContent/Materials/M_Tech_Hex_Tile_Pulse.uasset" 495
"../../../../../Projects/ProjetT4/Content/StarterContent/Textures/T_Tech_Panel_M.uasset" 496
"../../../../../Projects/ProjetT4/Content/StarterContent/Textures/T_Tech_Panel_N.uasset" 497
"../../../../../Projects/ProjetT4/Content/StarterContent/Materials/M_Tech_Panel.uasset" 498
"../../../../../Projects/ProjetT4/Content/StarterContent/Materials/M_Water_Lake.uasset" 499
"../../../../../Projects/ProjetT4/Content/StarterContent/Textures/T_Water_M.uasset" 500
"../../../../../Projects/ProjetT4/Content/StarterContent/Materials/M_Water_Ocean.uasset" 501
"../../../../../Projects/ProjetT4/Content/StarterContent/Textures/T_Wood_Floor_Walnut_D.uasset" 502
"../../../../../Projects/ProjetT4/Content/StarterContent/Textures/T_Wood_Floor_Walnut_M.uasset" 503
"../../../../../Projects/ProjetT4/Content/StarterContent/Textures/T_Wood_Floor_Walnut_N.uasset" 504
"../../../../../Projects/ProjetT4/Content/StarterContent/Materials/M_Wood_Floor_Walnut_Polished.uasset" 505
"../../../Engine/Content/Functions/Engine_MaterialFunctions01/Opacity/AlphaOffset.uasset" 506
"../../../../../Projects/ProjetT4/Content/StarterContent/Materials/M_Wood_Floor_Walnut_Worn.uasset" 507
"../../../../../Projects/ProjetT4/Content/StarterContent/Textures/T_Wood_Oak_D.uasset" 508
"../../../../../Projects/ProjetT4/Content/StarterContent/Textures/T_Wood_Oak_N.uasset" 509
"../../../../../Projects/ProjetT4/Content/StarterContent/Materials/M_Wood_Oak.uasset" 510
"../../../../../Projects/ProjetT4/Content/StarterContent/Textures/T_Wood_Pine_D.uasset" 511
"../../../../../Projects/ProjetT4/Content/StarterContent/Textures/T_Wood_Pine_N.uasset" 512
"../../../../../Projects/ProjetT4/Content/StarterContent/Materials/M_Wood_Pine.uasset" 513
"../../../../../Projects/ProjetT4/Content/StarterContent/Textures/T_Wood_Walnut_D.uasset" 514
"../../../../../Projects/ProjetT4/Content/StarterContent/Textures/T_Wood_Walnut_N.uasset" 515
"../../../../../Projects/ProjetT4/Content/StarterContent/Materials/M_Wood_Walnut.uasset" 516
"../../../../../Projects/ProjetT4/Content/StarterContent/Architecture/Wall_400x200.uasset" 517
"../../../../../Projects/ProjetT4/Content/StarterContent/Architecture/Wall_Door_400x300.uasset" 518
"../../../../../Projects/ProjetT4/Content/StarterContent/Architecture/Wall_Window_400x300.uasset" 519
"../../../../../Projects/ProjetT4/Content/StarterContent/Audio/Collapse_Cue.uasset" 520
"../../../../../Projects/ProjetT4/Content/StarterContent/Audio/Starter_Music_Cue.uasset" 521
"../../../../../Projects/ProjetT4/Content/StarterContent/Textures/T_Dust_Particle_D.uasset" 522
"../../../../../Projects/ProjetT4/Content/StarterContent/Particles/Materials/M_Dust_Particle.uasset" 523
"../../../../../Projects/ProjetT4/Content/StarterContent/Particles/P_Ambient_Dust.uasset" 524
"../../../../../Projects/ProjetT4/Content/StarterContent/Props/MaterialSphere.uasset" 525
"../../../../../Projects/ProjetT4/Content/StarterContent/Textures/T_Frame_M.uasset" 526
"../../../../../Projects/ProjetT4/Content/StarterContent/Textures/T_Frame_N.uasset" 527
"../../../../../Projects/ProjetT4/Content/StarterContent/Props/Materials/M_Frame.uasset" 528
"../../../../../Projects/ProjetT4/Content/StarterContent/Props/SM_CornerFrame.uasset" 529
"../../../../../Projects/ProjetT4/Content/StarterContent/Props/SM_DoorFrame.uasset" 530
"../../../../../Projects/ProjetT4/Content/StarterContent/Props/SM_GlassWindow.uasset" 531
"../../../../../Projects/ProjetT4/Content/StarterContent/Props/SM_PillarFrame.uasset" 532
"../../../../../Projects/ProjetT4/Content/StarterContent/Props/SM_PillarFrame300.uasset" 533
"../../../../../Projects/ProjetT4/Content/StarterContent/Props/SM_WindowFrame.uasset" 534
"../../../../../Projects/ProjetT4/Content/StarterContent/Shapes/Shape_Cube.uasset" 535
"../../../../../Projects/ProjetT4/Content/StarterContent/Shapes/Shape_QuadPyramid.uasset" 536
"../../../../../Projects/ProjetT4/Content/StarterContent/Shapes/Shape_Sphere.uasset" 537
"../../../../../Projects/ProjetT4/Content/StarterContent/Maps/StarterMap.umap" 538
"../../../Engine/Content/Maps/Entry_BuiltData.uasset" 539
"../../../Engine/Content/Maps/Entry.umap" 540
